Build started 11/22/2015 10:22:55 PM.
     1>Project "c:\Users\administrator\documents\visual studio 2015\Projects\DatacommAssignment\DatacommAssignment\DatacommAssignment.vcxproj" on node 2 (Build target(s)).
     1>ClCompile:
         C:\Program Files (x86)\Microsoft Visual Studio 14.0\VC\bin\CL.exe /c /ZI /nologo /W3 /WX- /sdl /Od /Oy- /D _MBCS /Gm /EHsc /RTC1 /MDd /GS /fp:precise /Zc:wchar_t /Zc:forScope /Zc:inline /Fo"Debug\\" /Fd"Debug\vc140.pdb" /Gd /TP /analyze- /errorReport:prompt ProtocolReceiver.cpp ProtocolSender.cpp ProtocolShared.cpp Source.cpp
         Source.cpp
         ProtocolReceiver.cpp
         Generating Code...
         Compiling...
         ProtocolShared.cpp
     1>c:\users\administrator\documents\visual studio 2015\projects\datacommassignment\datacommassignment\protocolshared.cpp(51): warning C4838: conversion from 'char' to 'unsigned char' requires a narrowing conversion
         ProtocolSender.cpp
         Generating Code...
       Link:
         C:\Program Files (x86)\Microsoft Visual Studio 14.0\VC\bin\link.exe /ERRORREPORT:PROMPT /OUT:"c:\users\administrator\documents\visual studio 2015\Projects\DatacommAssignment\Debug\DatacommAssignment.exe" /INCREMENTAL /NOLOGO kernel32.lib user32.lib gdi32.lib winspool.lib comdlg32.lib advapi32.lib shell32.lib ole32.lib oleaut32.lib uuid.lib odbc32.lib odbccp32.lib /MANIFEST /MANIFESTUAC:"level='asInvoker' uiAccess='false'" /manifest:embed /Debug /PDB:"c:\users\administrator\documents\visual studio 2015\Projects\DatacommAssignment\Debug\DatacommAssignment.pdb" /TLBID:1 /DYNAMICBASE /NXCOMPAT /IMPLIB:"c:\users\administrator\documents\visual studio 2015\Projects\DatacommAssignment\Debug\DatacommAssignment.lib" /MACHINE:X86 Debug\ProtocolReceiver.obj
         Debug\ProtocolSender.obj
         Debug\ProtocolShared.obj
         Debug\Source.obj
         DatacommAssignment.vcxproj -> c:\users\administrator\documents\visual studio 2015\Projects\DatacommAssignment\Debug\DatacommAssignment.exe
     1>Done Building Project "c:\Users\administrator\documents\visual studio 2015\Projects\DatacommAssignment\DatacommAssignment\DatacommAssignment.vcxproj" (Build target(s)).

Build succeeded.

Time Elapsed 00:00:02.75
